#
# There is insufficient memory for the Java Runtime Environment to continue.
# Native memory allocation (malloc) failed to allocate 32784 bytes. Error detail: Chunk::new
# Possible reasons:
#   The system is out of physical RAM or swap space
#   This process is running with CompressedOops enabled, and the Java Heap may be blocking the growth of the native heap
# Possible solutions:
#   Reduce memory load on the system
#   Increase physical memory or swap space
#   Check if swap backing store is full
#   Decrease Java heap size (-Xmx/-Xms)
#   Decrease number of Java threads
#   Decrease Java thread stack sizes (-Xss)
#   Set larger code cache with -XX:ReservedCodeCacheSize=
#   JVM is running with Unscaled Compressed Oops mode in which the Java heap is
#     placed in the first 4GB address space. The Java Heap base address is the
#     maximum limit for the native heap growth. Please use -XX:HeapBaseMinAddress
#     to set the Java Heap base and to place the Java Heap above 4GB virtual address.
# This output file may be truncated or incomplete.
#
#  Out of Memory Error (arena.cpp:191), pid=13844, tid=5628
#
# JRE version: OpenJDK Runtime Environment OpenLogic-OpenJDK (17.0.14+7) (build 17.0.14+7-adhoc..jdk17u)
# Java VM: OpenJDK 64-Bit Server VM OpenLogic-OpenJDK (17.0.14+7-adhoc..jdk17u, mixed mode, sharing, tiered, compressed oops, compressed class ptrs, g1 gc, windows-amd64)
# No core dump will be written. Minidumps are not enabled by default on client versions of Windows
#

---------------  S U M M A R Y ------------

Command Line: -Xmx64m -Xms64m -Dorg.gradle.appname=gradlew org.gradle.wrapper.GradleWrapperMain assembleRelease

Host: Intel(R) Core(TM) i5-10500 CPU @ 3.10GHz, 12 cores, 15G,  Windows 10 , 64 bit Build 19041 (10.0.19041.5678)
Time: Thu May  8 13:29:45 2025 India Standard Time elapsed time: 6.606711 seconds (0d 0h 0m 6s)

---------------  T H R E A D  ---------------

Current thread (0x000002a4fc4cb1c0):  JavaThread "C2 CompilerThread0" daemon [_thread_in_native, id=5628, stack(0x000000aa75d00000,0x000000aa75e00000)]


Current CompileTask:
C2:   6606 1592       4       sun.security.provider.SHA::implCompress0 (506 bytes)

Stack: [0x000000aa75d00000,0x000000aa75e00000]
Native frames: (J=compiled Java code, j=interpreted, Vv=VM code, C=native code)
V  [jvm.dll+0x681069]
V  [jvm.dll+0x838cca]
V  [jvm.dll+0x83a78e]
V  [jvm.dll+0x83adf3]
V  [jvm.dll+0x24826f]
V  [jvm.dll+0xac9f4]
V  [jvm.dll+0xad03c]
V  [jvm.dll+0xb86dd]
V  [jvm.dll+0x587862]
V  [jvm.dll+0x2230d2]
V  [jvm.dll+0x2234cf]
V  [jvm.dll+0x21c5e0]
V  [jvm.dll+0x219ae1]
V  [jvm.dll+0x1a599d]
V  [jvm.dll+0x22994d]
V  [jvm.dll+0x227adc]
V  [jvm.dll+0x7edb77]
V  [jvm.dll+0x7e7f6c]
V  [jvm.dll+0x67ff37]
C  [ucrtbase.dll+0x21bb2]
C  [KERNEL32.DLL+0x17374]
C  [ntdll.dll+0x4cc91]


---------------  P R O C E S S  ---------------

Threads class SMR info:
_java_thread_list=0x000002a4fdccbd60, length=12, elements={
0x000002a4f027d760, 0x000002a4fc4c0680, 0x000002a4f032dc20, 0x000002a4fc4c68a0,
0x000002a4fc4c8180, 0x000002a4fc4c8a50, 0x000002a4fc4c9410, 0x000002a4fc4cb1c0,
0x000002a4fc4cdc80, 0x000002a4fc4d8aa0, 0x000002a4fc71ffd0, 0x000002a4fc736b80
}

Java Threads: ( => current thread )
  0x000002a4f027d760 JavaThread "main" [_thread_blocked, id=8396, stack(0x000000aa75000000,0x000000aa75100000)]
  0x000002a4fc4c0680 JavaThread "Reference Handler" daemon [_thread_blocked, id=8156, stack(0x000000aa75700000,0x000000aa75800000)]
  0x000002a4f032dc20 JavaThread "Finalizer" daemon [_thread_blocked, id=8136, stack(0x000000aa75800000,0x000000aa75900000)]
  0x000002a4fc4c68a0 JavaThread "Signal Dispatcher" daemon [_thread_blocked, id=10288, stack(0x000000aa75900000,0x000000aa75a00000)]
  0x000002a4fc4c8180 JavaThread "Attach Listener" daemon [_thread_blocked, id=3132, stack(0x000000aa75a00000,0x000000aa75b00000)]
  0x000002a4fc4c8a50 JavaThread "Service Thread" daemon [_thread_blocked, id=10120, stack(0x000000aa75b00000,0x000000aa75c00000)]
  0x000002a4fc4c9410 JavaThread "Monitor Deflation Thread" daemon [_thread_blocked, id=10144, stack(0x000000aa75c00000,0x000000aa75d00000)]
=>0x000002a4fc4cb1c0 JavaThread "C2 CompilerThread0" daemon [_thread_in_native, id=5628, stack(0x000000aa75d00000,0x000000aa75e00000)]
  0x000002a4fc4cdc80 JavaThread "C1 CompilerThread0" daemon [_thread_blocked, id=1340, stack(0x000000aa75e00000,0x000000aa75f00000)]
  0x000002a4fc4d8aa0 JavaThread "Sweeper thread" daemon [_thread_blocked, id=10244, stack(0x000000aa75f00000,0x000000aa76000000)]
  0x000002a4fc71ffd0 JavaThread "Notification Thread" daemon [_thread_blocked, id=1288, stack(0x000000aa76000000,0x000000aa76100000)]
  0x000002a4fc736b80 JavaThread "Common-Cleaner" daemon [_thread_blocked, id=7980, stack(0x000000aa76200000,0x000000aa76300000)]

Other Threads:
  0x000002a4fc4bf010 VMThread "VM Thread" [stack: 0x000000aa75600000,0x000000aa75700000] [id=8140]
  0x000002a4fc7212d0 WatcherThread [stack: 0x000000aa76100000,0x000000aa76200000] [id=12096]
  0x000002a4f029d860 GCTaskThread "GC Thread#0" [stack: 0x000000aa75100000,0x000000aa75200000] [id=8160]
  0x000002a4fcd55c80 GCTaskThread "GC Thread#1" [stack: 0x000000aa76500000,0x000000aa76600000] [id=14664]
  0x000002a4fca58aa0 GCTaskThread "GC Thread#2" [stack: 0x000000aa76600000,0x000000aa76700000] [id=14968]
  0x000002a4fca5e7d0 GCTaskThread "GC Thread#3" [stack: 0x000000aa76700000,0x000000aa76800000] [id=8716]
  0x000002a4fd3e10d0 GCTaskThread "GC Thread#4" [stack: 0x000000aa76900000,0x000000aa76a00000] [id=6664]
  0x000002a4fd3e05d0 GCTaskThread "GC Thread#5" [stack: 0x000000aa76a00000,0x000000aa76b00000] [id=8216]
  0x000002a4fd3e0890 GCTaskThread "GC Thread#6" [stack: 0x000000aa76b00000,0x000000aa76c00000] [id=10116]
  0x000002a4f029efb0 ConcurrentGCThread "G1 Main Marker" [stack: 0x000000aa75200000,0x000000aa75300000] [id=6536]
  0x000002a4f029f9d0 ConcurrentGCThread "G1 Conc#0" [stack: 0x000000aa75300000,0x000000aa75400000] [id=14172]
  0x000002a4f030dd70 ConcurrentGCThread "G1 Refine#0" [stack: 0x000000aa75400000,0x000000aa75500000] [id=7080]
  0x000002a4f030e7a0 ConcurrentGCThread "G1 Service" [stack: 0x000000aa75500000,0x000000aa75600000] [id=1504]

Threads with active compile tasks:
C2 CompilerThread0     6624 1592       4       sun.security.provider.SHA::implCompress0 (506 bytes)

VM state: not at safepoint (normal execution)

VM Mutex/Monitor currently owned by a thread: None

Heap address: 0x00000000fc000000, size: 64 MB, Compressed Oops mode: 32-bit

CDS archive(s) mapped at: [0x000002a48f000000-0x000002a48fbc0000-0x000002a48fbc0000), size 12320768, SharedBaseAddress: 0x000002a48f000000, ArchiveRelocationMode: 1.
Compressed class space mapped at: 0x000002a490000000-0x000002a4d0000000, reserved size: 1073741824
Narrow klass base: 0x000002a48f000000, Narrow klass shift: 0, Narrow klass range: 0x100000000

GC Precious Log:
 CPUs: 12 total, 12 available
 Memory: 16175M
 Large Page Support: Disabled
 NUMA Support: Disabled
 Compressed Oops: Enabled (32-bit)
 Heap Region Size: 1M
 Heap Min Capacity: 64M
 Heap Initial Capacity: 64M
 Heap Max Capacity: 64M
 Pre-touch: Disabled
 Parallel Workers: 10
 Concurrent Workers: 3
 Concurrent Refinement Workers: 10
 Periodic GC: Disabled

Heap:
 garbage-first heap   total 65536K, used 17485K [0x00000000fc000000, 0x0000000100000000)
  region size 1024K, 11 young (11264K), 4 survivors (4096K)
 Metaspace       used 9739K, committed 9920K, reserved 1114112K
  class space    used 1304K, committed 1408K, reserved 1048576K

Heap Regions: E=young(eden), S=young(survivor), O=old, HS=humongous(starts), HC=humongous(continues), CS=collection set, F=free, OA=open archive, CA=closed archive, TAMS=top-at-mark-start (previous, next)
|   0|0x00000000fc000000, 0x00000000fc100000, 0x00000000fc100000|100%|HS|  |TAMS 0x00000000fc000000, 0x00000000fc000000| Complete 
|   1|0x00000000fc100000, 0x00000000fc200000, 0x00000000fc200000|100%|HC|  |TAMS 0x00000000fc100000, 0x00000000fc100000| Complete 
|   2|0x00000000fc200000, 0x00000000fc300000, 0x00000000fc300000|100%|HC|  |TAMS 0x00000000fc200000, 0x00000000fc200000| Complete 
|   3|0x00000000fc300000, 0x00000000fc400000, 0x00000000fc400000|100%| O|  |TAMS 0x00000000fc300000, 0x00000000fc300000| Untracked 
|   4|0x00000000fc400000, 0x00000000fc500000, 0x00000000fc500000|100%| O|  |TAMS 0x00000000fc400000, 0x00000000fc400000| Untracked 
|   5|0x00000000fc500000, 0x00000000fc600000, 0x00000000fc600000|100%| O|  |TAMS 0x00000000fc500000, 0x00000000fc500000| Untracked 
|   6|0x00000000fc600000, 0x00000000fc700000, 0x00000000fc700000|100%| O|  |TAMS 0x00000000fc600000, 0x00000000fc600000| Untracked 
|   7|0x00000000fc700000, 0x00000000fc713400, 0x00000000fc800000|  7%| O|  |TAMS 0x00000000fc700000, 0x00000000fc700000| Untracked 
|   8|0x00000000fc800000, 0x00000000fc800000, 0x00000000fc900000|  0%| F|  |TAMS 0x00000000fc800000, 0x00000000fc800000| Untracked 
|   9|0x00000000fc900000, 0x00000000fc900000, 0x00000000fca00000|  0%| F|  |TAMS 0x00000000fc900000, 0x00000000fc900000| Untracked 
|  10|0x00000000fca00000, 0x00000000fca00000, 0x00000000fcb00000|  0%| F|  |TAMS 0x00000000fca00000, 0x00000000fca00000| Untracked 
|  11|0x00000000fcb00000, 0x00000000fcb00000, 0x00000000fcc00000|  0%| F|  |TAMS 0x00000000fcb00000, 0x00000000fcb00000| Untracked 
|  12|0x00000000fcc00000, 0x00000000fcc00000, 0x00000000fcd00000|  0%| F|  |TAMS 0x00000000fcc00000, 0x00000000fcc00000| Untracked 
|  13|0x00000000fcd00000, 0x00000000fcd00000, 0x00000000fce00000|  0%| F|  |TAMS 0x00000000fcd00000, 0x00000000fcd00000| Untracked 
|  14|0x00000000fce00000, 0x00000000fce00000, 0x00000000fcf00000|  0%| F|  |TAMS 0x00000000fce00000, 0x00000000fce00000| Untracked 
|  15|0x00000000fcf00000, 0x00000000fcf00000, 0x00000000fd000000|  0%| F|  |TAMS 0x00000000fcf00000, 0x00000000fcf00000| Untracked 
|  16|0x00000000fd000000, 0x00000000fd000000, 0x00000000fd100000|  0%| F|  |TAMS 0x00000000fd000000, 0x00000000fd000000| Untracked 
|  17|0x00000000fd100000, 0x00000000fd100000, 0x00000000fd200000|  0%| F|  |TAMS 0x00000000fd100000, 0x00000000fd100000| Untracked 
|  18|0x00000000fd200000, 0x00000000fd200000, 0x00000000fd300000|  0%| F|  |TAMS 0x00000000fd200000, 0x00000000fd200000| Untracked 
|  19|0x00000000fd300000, 0x00000000fd300000, 0x00000000fd400000|  0%| F|  |TAMS 0x00000000fd300000, 0x00000000fd300000| Untracked 
|  20|0x00000000fd400000, 0x00000000fd400000, 0x00000000fd500000|  0%| F|  |TAMS 0x00000000fd400000, 0x00000000fd400000| Untracked 
|  21|0x00000000fd500000, 0x00000000fd500000, 0x00000000fd600000|  0%| F|  |TAMS 0x00000000fd500000, 0x00000000fd500000| Untracked 
|  22|0x00000000fd600000, 0x00000000fd600000, 0x00000000fd700000|  0%| F|  |TAMS 0x00000000fd600000, 0x00000000fd600000| Untracked 
|  23|0x00000000fd700000, 0x00000000fd700000, 0x00000000fd800000|  0%| F|  |TAMS 0x00000000fd700000, 0x00000000fd700000| Untracked 
|  24|0x00000000fd800000, 0x00000000fd800000, 0x00000000fd900000|  0%| F|  |TAMS 0x00000000fd800000, 0x00000000fd800000| Untracked 
|  25|0x00000000fd900000, 0x00000000fd900000, 0x00000000fda00000|  0%| F|  |TAMS 0x00000000fd900000, 0x00000000fd900000| Untracked 
|  26|0x00000000fda00000, 0x00000000fda00000, 0x00000000fdb00000|  0%| F|  |TAMS 0x00000000fda00000, 0x00000000fda00000| Untracked 
|  27|0x00000000fdb00000, 0x00000000fdb00000, 0x00000000fdc00000|  0%| F|  |TAMS 0x00000000fdb00000, 0x00000000fdb00000| Untracked 
|  28|0x00000000fdc00000, 0x00000000fdc00000, 0x00000000fdd00000|  0%| F|  |TAMS 0x00000000fdc00000, 0x00000000fdc00000| Untracked 
|  29|0x00000000fdd00000, 0x00000000fde00000, 0x00000000fde00000|100%| S|CS|TAMS 0x00000000fdd00000, 0x00000000fdd00000| Complete 
|  30|0x00000000fde00000, 0x00000000fdf00000, 0x00000000fdf00000|100%| S|CS|TAMS 0x00000000fde00000, 0x00000000fde00000| Complete 
|  31|0x00000000fdf00000, 0x00000000fe000000, 0x00000000fe000000|100%| S|CS|TAMS 0x00000000fdf00000, 0x00000000fdf00000| Complete 
|  32|0x00000000fe000000, 0x00000000fe100000, 0x00000000fe100000|100%| S|CS|TAMS 0x00000000fe000000, 0x00000000fe000000| Complete 
|  33|0x00000000fe100000, 0x00000000fe100000, 0x00000000fe200000|  0%| F|  |TAMS 0x00000000fe100000, 0x00000000fe100000| Untracked 
|  34|0x00000000fe200000, 0x00000000fe200000, 0x00000000fe300000|  0%| F|  |TAMS 0x00000000fe200000, 0x00000000fe200000| Untracked 
|  35|0x00000000fe300000, 0x00000000fe300000, 0x00000000fe400000|  0%| F|  |TAMS 0x00000000fe300000, 0x00000000fe300000| Untracked 
|  36|0x00000000fe400000, 0x00000000fe400000, 0x00000000fe500000|  0%| F|  |TAMS 0x00000000fe400000, 0x00000000fe400000| Untracked 
|  37|0x00000000fe500000, 0x00000000fe500000, 0x00000000fe600000|  0%| F|  |TAMS 0x00000000fe500000, 0x00000000fe500000| Untracked 
|  38|0x00000000fe600000, 0x00000000fe600000, 0x00000000fe700000|  0%| F|  |TAMS 0x00000000fe600000, 0x00000000fe600000| Untracked 
|  39|0x00000000fe700000, 0x00000000fe700000, 0x00000000fe800000|  0%| F|  |TAMS 0x00000000fe700000, 0x00000000fe700000| Untracked 
|  40|0x00000000fe800000, 0x00000000fe800000, 0x00000000fe900000|  0%| F|  |TAMS 0x00000000fe800000, 0x00000000fe800000| Untracked 
|  41|0x00000000fe900000, 0x00000000fe900000, 0x00000000fea00000|  0%| F|  |TAMS 0x00000000fe900000, 0x00000000fe900000| Untracked 
|  42|0x00000000fea00000, 0x00000000fea00000, 0x00000000feb00000|  0%| F|  |TAMS 0x00000000fea00000, 0x00000000fea00000| Untracked 
|  43|0x00000000feb00000, 0x00000000feb00000, 0x00000000fec00000|  0%| F|  |TAMS 0x00000000feb00000, 0x00000000feb00000| Untracked 
|  44|0x00000000fec00000, 0x00000000fec00000, 0x00000000fed00000|  0%| F|  |TAMS 0x00000000fec00000, 0x00000000fec00000| Untracked 
|  45|0x00000000fed00000, 0x00000000fed00000, 0x00000000fee00000|  0%| F|  |TAMS 0x00000000fed00000, 0x00000000fed00000| Untracked 
|  46|0x00000000fee00000, 0x00000000fee00000, 0x00000000fef00000|  0%| F|  |TAMS 0x00000000fee00000, 0x00000000fee00000| Untracked 
|  47|0x00000000fef00000, 0x00000000fef00000, 0x00000000ff000000|  0%| F|  |TAMS 0x00000000fef00000, 0x00000000fef00000| Untracked 
|  48|0x00000000ff000000, 0x00000000ff000000, 0x00000000ff100000|  0%| F|  |TAMS 0x00000000ff000000, 0x00000000ff000000| Untracked 
|  49|0x00000000ff100000, 0x00000000ff100000, 0x00000000ff200000|  0%| F|  |TAMS 0x00000000ff100000, 0x00000000ff100000| Untracked 
|  50|0x00000000ff200000, 0x00000000ff200000, 0x00000000ff300000|  0%| F|  |TAMS 0x00000000ff200000, 0x00000000ff200000| Untracked 
|  51|0x00000000ff300000, 0x00000000ff300000, 0x00000000ff400000|  0%| F|  |TAMS 0x00000000ff300000, 0x00000000ff300000| Untracked 
|  52|0x00000000ff400000, 0x00000000ff400000, 0x00000000ff500000|  0%| F|  |TAMS 0x00000000ff400000, 0x00000000ff400000| Untracked 
|  53|0x00000000ff500000, 0x00000000ff500000, 0x00000000ff600000|  0%| F|  |TAMS 0x00000000ff500000, 0x00000000ff500000| Untracked 
|  54|0x00000000ff600000, 0x00000000ff600000, 0x00000000ff700000|  0%| F|  |TAMS 0x00000000ff600000, 0x00000000ff600000| Untracked 
|  55|0x00000000ff700000, 0x00000000ff700000, 0x00000000ff800000|  0%| F|  |TAMS 0x00000000ff700000, 0x00000000ff700000| Untracked 
|  56|0x00000000ff800000, 0x00000000ff800000, 0x00000000ff900000|  0%| F|  |TAMS 0x00000000ff800000, 0x00000000ff800000| Untracked 
|  57|0x00000000ff900000, 0x00000000ff985238, 0x00000000ffa00000| 52%| E|  |TAMS 0x00000000ff900000, 0x00000000ff900000| Complete 
|  58|0x00000000ffa00000, 0x00000000ffb00000, 0x00000000ffb00000|100%| E|CS|TAMS 0x00000000ffa00000, 0x00000000ffa00000| Complete 
|  59|0x00000000ffb00000, 0x00000000ffc00000, 0x00000000ffc00000|100%| E|CS|TAMS 0x00000000ffb00000, 0x00000000ffb00000| Complete 
|  60|0x00000000ffc00000, 0x00000000ffd00000, 0x00000000ffd00000|100%| E|CS|TAMS 0x00000000ffc00000, 0x00000000ffc00000| Complete 
|  61|0x00000000ffd00000, 0x00000000ffe00000, 0x00000000ffe00000|100%| E|CS|TAMS 0x00000000ffd00000, 0x00000000ffd00000| Complete 
|  62|0x00000000ffe00000, 0x00000000fff00000, 0x00000000fff00000|100%| E|CS|TAMS 0x00000000ffe00000, 0x00000000ffe00000| Complete 
|  63|0x00000000fff00000, 0x0000000100000000, 0x0000000100000000|100%| E|CS|TAMS 0x00000000fff00000, 0x00000000fff00000| Complete 

Card table byte_map: [0x000002a4ee270000,0x000002a4ee290000] _byte_map_base: 0x000002a4eda90000

Marking Bits (Prev, Next): (CMBitMap*) 0x000002a4f029de80, (CMBitMap*) 0x000002a4f029dec0
 Prev Bits: [0x000002a4f96b0000, 0x000002a4f97b0000)
 Next Bits: [0x000002a4f97b0000, 0x000002a4f98b0000)

Polling page: 0x000002a4edf70000

Metaspace:

Usage:
  Non-class:      8.24 MB used.
      Class:      1.27 MB used.
       Both:      9.51 MB used.

Virtual space:
  Non-class space:       64.00 MB reserved,       8.31 MB ( 13%) committed,  1 nodes.
      Class space:        1.00 GB reserved,       1.38 MB ( <1%) committed,  1 nodes.
             Both:        1.06 GB reserved,       9.69 MB ( <1%) committed. 

Chunk freelists:
   Non-Class:  7.63 MB
       Class:  14.60 MB
        Both:  22.24 MB

MaxMetaspaceSize: unlimited
CompressedClassSpaceSize: 1.00 GB
Initial GC threshold: 21.00 MB
Current GC threshold: 21.00 MB
CDS: on
MetaspaceReclaimPolicy: balanced
 - commit_granule_bytes: 65536.
 - commit_granule_words: 8192.
 - virtual_space_node_default_size: 8388608.
 - enlarge_chunks_in_place: 1.
 - new_chunks_are_fully_committed: 0.
 - uncommit_free_chunks: 1.
 - use_allocation_guard: 0.
 - handle_deallocations: 1.


Internal statistics:

num_allocs_failed_limit: 0.
num_arena_births: 98.
num_arena_deaths: 0.
num_vsnodes_births: 2.
num_vsnodes_deaths: 0.
num_space_committed: 155.
num_space_uncommitted: 0.
num_chunks_returned_to_freelist: 0.
num_chunks_taken_from_freelist: 374.
num_chunk_merges: 0.
num_chunk_splits: 241.
num_chunks_enlarged: 184.
num_inconsistent_stats: 0.

CodeHeap 'non-profiled nmethods': size=120000Kb used=764Kb max_used=764Kb free=119235Kb
 bounds [0x000002a487ad0000, 0x000002a487d40000, 0x000002a48f000000]
CodeHeap 'profiled nmethods': size=120000Kb used=3074Kb max_used=3074Kb free=116926Kb
 bounds [0x000002a480000000, 0x000002a480310000, 0x000002a487530000]
CodeHeap 'non-nmethods': size=5760Kb used=1168Kb max_used=1191Kb free=4591Kb
 bounds [0x000002a487530000, 0x000002a4877a0000, 0x000002a487ad0000]
 total_blobs=2114 nmethods=1648 adapters=379
 compilation: enabled
              stopped_count=0, restarted_count=0
 full_count=0

Compilation events (20 events):
Event: 6.601 Thread 0x000002a4fc4cdc80 nmethod 1617 0x000002a487b8c890 code [0x000002a487b8ca20, 0x000002a487b8caf8]
Event: 6.601 Thread 0x000002a4fc4cdc80 1621       3       java.lang.Math::min (12 bytes)
Event: 6.601 Thread 0x000002a4fc4cdc80 nmethod 1621 0x000002a4802eda10 code [0x000002a4802edba0, 0x000002a4802edcd8]
Event: 6.601 Thread 0x000002a4fc4cdc80 1622   !   3       java.io.ObjectInputStream$BlockDataInputStream::readUTFSpan (502 bytes)
Event: 6.601 Thread 0x000002a4fc4cdc80 nmethod 1622 0x000002a4802edd90 code [0x000002a4802ee020, 0x000002a4802eed88]
Event: 6.601 Thread 0x000002a4fc4cdc80 1624       3       java.lang.AbstractStringBuilder::appendChars (130 bytes)
Event: 6.602 Thread 0x000002a4fc4cdc80 nmethod 1624 0x000002a4802ef790 code [0x000002a4802ef980, 0x000002a4802eff08]
Event: 6.602 Thread 0x000002a4fc4cdc80 1625       3       java.io.ObjectStreamClass::getField (84 bytes)
Event: 6.602 Thread 0x000002a4fc4cdc80 nmethod 1625 0x000002a4802f0190 code [0x000002a4802f0400, 0x000002a4802f0d98]
Event: 6.602 Thread 0x000002a4fc4cdc80 1627       3       org.gradle.internal.serialize.AbstractDecoder$DecoderStream::read (11 bytes)
Event: 6.602 Thread 0x000002a4fc4cdc80 nmethod 1627 0x000002a4802f1110 code [0x000002a4802f12c0, 0x000002a4802f1488]
Event: 6.602 Thread 0x000002a4fc4cdc80 1626       3       java.io.ObjectInputStream$PeekInputStream::read (47 bytes)
Event: 6.602 Thread 0x000002a4fc4cdc80 nmethod 1626 0x000002a4802f1590 code [0x000002a4802f1740, 0x000002a4802f19e8]
Event: 6.602 Thread 0x000002a4fc4cdc80 1623       3       java.io.ObjectInputStream$BlockDataInputStream::peek (55 bytes)
Event: 6.602 Thread 0x000002a4fc4cdc80 nmethod 1623 0x000002a4802f1a90 code [0x000002a4802f1c60, 0x000002a4802f1f18]
Event: 6.602 Thread 0x000002a4fc4cdc80 1629       3       java.io.ObjectInputStream$FieldValues::getFieldOffset (72 bytes)
Event: 6.603 Thread 0x000002a4fc4cdc80 nmethod 1629 0x000002a4802f2090 code [0x000002a4802f2360, 0x000002a4802f2f78]
Event: 6.603 Thread 0x000002a4fc4cdc80 1628       1       java.io.ObjectInputStream$HandleTable::size (5 bytes)
Event: 6.603 Thread 0x000002a4fc4cdc80 nmethod 1628 0x000002a487b8cb90 code [0x000002a487b8cd20, 0x000002a487b8cdf8]
Event: 6.603 Thread 0x000002a4fc4cdc80 1630   !   3       java.io.ObjectInputStream::readObject0 (681 bytes)

GC Heap History (4 events):
Event: 0.258 GC heap before
{Heap before GC invocations=0 (full 0):
 garbage-first heap   total 65536K, used 22528K [0x00000000fc000000, 0x0000000100000000)
  region size 1024K, 23 young (23552K), 0 survivors (0K)
 Metaspace       used 1810K, committed 1920K, reserved 1114112K
  class space    used 161K, committed 192K, reserved 1048576K
}
Event: 0.261 GC heap after
{Heap after GC invocations=1 (full 0):
 garbage-first heap   total 65536K, used 2848K [0x00000000fc000000, 0x0000000100000000)
  region size 1024K, 3 young (3072K), 3 survivors (3072K)
 Metaspace       used 1810K, committed 1920K, reserved 1114112K
  class space    used 161K, committed 192K, reserved 1048576K
}
Event: 0.609 GC heap before
{Heap before GC invocations=1 (full 0):
 garbage-first heap   total 65536K, used 33568K [0x00000000fc000000, 0x0000000100000000)
  region size 1024K, 31 young (31744K), 3 survivors (3072K)
 Metaspace       used 7439K, committed 7616K, reserved 1114112K
  class space    used 1022K, committed 1088K, reserved 1048576K
}
Event: 0.614 GC heap after
{Heap after GC invocations=2 (full 0):
 garbage-first heap   total 65536K, used 11341K [0x00000000fc000000, 0x0000000100000000)
  region size 1024K, 4 young (4096K), 4 survivors (4096K)
 Metaspace       used 7439K, committed 7616K, reserved 1114112K
  class space    used 1022K, committed 1088K, reserved 1048576K
}

Dll operation events (13 events):
Event: 0.004 Loaded shared library C:\Program Files\OpenLogic\jdk-17.0.14.7-hotspot\bin\java.dll
Event: 0.017 Loaded shared library C:\Program Files\OpenLogic\jdk-17.0.14.7-hotspot\bin\jsvml.dll
Event: 0.038 Loaded shared library C:\Program Files\OpenLogic\jdk-17.0.14.7-hotspot\bin\net.dll
Event: 0.039 Loaded shared library C:\Program Files\OpenLogic\jdk-17.0.14.7-hotspot\bin\nio.dll
Event: 0.041 Loaded shared library C:\Program Files\OpenLogic\jdk-17.0.14.7-hotspot\bin\zip.dll
Event: 0.044 Loaded shared library C:\Program Files\OpenLogic\jdk-17.0.14.7-hotspot\bin\verify.dll
Event: 0.224 Loaded shared library C:\Program Files\OpenLogic\jdk-17.0.14.7-hotspot\bin\jimage.dll
Event: 0.408 Loaded shared library C:\Program Files\OpenLogic\jdk-17.0.14.7-hotspot\bin\management.dll
Event: 0.409 Loaded shared library C:\Program Files\OpenLogic\jdk-17.0.14.7-hotspot\bin\management_ext.dll
Event: 0.447 Loaded shared library C:\Users\MadBrains\.gradle\native\1def1411415f61bf3af743bc5b6707747c0891f09f0c88961ee8f79bc544acac\windows-amd64\native-platform.dll
Event: 0.459 Loaded shared library C:\Users\MadBrains\.gradle\native\jansi\1.18\windows64\jansi.dll
Event: 0.642 Loaded shared library C:\Program Files\OpenLogic\jdk-17.0.14.7-hotspot\bin\extnet.dll
Event: 0.665 Loaded shared library C:\Program Files\OpenLogic\jdk-17.0.14.7-hotspot\bin\sunmscapi.dll

Deoptimization events (20 events):
Event: 0.680 Thread 0x000002a4f027d760 DEOPT PACKING pc=0x000002a487b08a68 sp=0x000000aa750fc0a0
Event: 0.680 Thread 0x000002a4f027d760 DEOPT UNPACKING pc=0x000002a4875869a3 sp=0x000000aa750fc038 mode 2
Event: 0.684 Thread 0x000002a4f027d760 Uncommon trap: trap_request=0xffffff45 fr.pc=0x000002a487b6cfa0 relative=0x00000000000004c0
Event: 0.684 Thread 0x000002a4f027d760 Uncommon trap: reason=unstable_if action=reinterpret pc=0x000002a487b6cfa0 method=java.lang.invoke.VarForm.getMemberName(I)Ljava/lang/invoke/MemberName; @ 8 c2
Event: 0.684 Thread 0x000002a4f027d760 DEOPT PACKING pc=0x000002a487b6cfa0 sp=0x000000aa750fcfb0
Event: 0.684 Thread 0x000002a4f027d760 DEOPT UNPACKING pc=0x000002a4875869a3 sp=0x000000aa750fcf10 mode 2
Event: 0.695 Thread 0x000002a4f027d760 Uncommon trap: trap_request=0xffffffde fr.pc=0x000002a487b080fc relative=0x000000000000007c
Event: 0.695 Thread 0x000002a4f027d760 Uncommon trap: reason=class_check action=maybe_recompile pc=0x000002a487b080fc method=java.util.AbstractList$Itr.hasNext()Z @ 8 c2
Event: 0.695 Thread 0x000002a4f027d760 DEOPT PACKING pc=0x000002a487b080fc sp=0x000000aa750fd0d0
Event: 0.695 Thread 0x000002a4f027d760 DEOPT UNPACKING pc=0x000002a4875869a3 sp=0x000000aa750fd068 mode 2
Event: 0.775 Thread 0x000002a4fdba2b60 Uncommon trap: trap_request=0xffffffde fr.pc=0x000002a487b08a68 relative=0x00000000000000c8
Event: 0.775 Thread 0x000002a4fdba2b60 Uncommon trap: reason=class_check action=maybe_recompile pc=0x000002a487b08a68 method=java.util.AbstractList$Itr.next()Ljava/lang/Object; @ 14 c2
Event: 0.775 Thread 0x000002a4fdba2b60 DEOPT PACKING pc=0x000002a487b08a68 sp=0x000000aa768feb80
Event: 0.775 Thread 0x000002a4fdba2b60 DEOPT UNPACKING pc=0x000002a4875869a3 sp=0x000000aa768feb18 mode 2
Event: 0.886 Thread 0x000002a4f027d760 Uncommon trap: trap_request=0xffffffc6 fr.pc=0x000002a487b5b520 relative=0x00000000000005c0
Event: 0.886 Thread 0x000002a4f027d760 Uncommon trap: reason=bimorphic_or_optimized_type_check action=maybe_recompile pc=0x000002a487b5b520 method=java.util.concurrent.ConcurrentHashMap.get(Ljava/lang/Object;)Ljava/lang/Object; @ 149 c2
Event: 0.886 Thread 0x000002a4f027d760 DEOPT PACKING pc=0x000002a487b5b520 sp=0x000000aa750fd210
Event: 0.886 Thread 0x000002a4f027d760 DEOPT UNPACKING pc=0x000002a4875869a3 sp=0x000000aa750fd1b0 mode 2
Event: 6.595 Thread 0x000002a4f027d760 DEOPT PACKING pc=0x000002a48023b49c sp=0x000000aa750fb4e0
Event: 6.595 Thread 0x000002a4f027d760 DEOPT UNPACKING pc=0x000002a487587143 sp=0x000000aa750fa970 mode 0

Classes loaded (20 events):
Event: 6.593 Loading class java/io/ObjectStreamClass$1
Event: 6.593 Loading class java/io/ObjectStreamClass$1 done
Event: 6.593 Loading class java/io/DataOutputStream
Event: 6.593 Loading class java/io/DataOutputStream done
Event: 6.593 Loading class java/io/ObjectStreamClass$MemberSignature
Event: 6.593 Loading class java/io/ObjectStreamClass$MemberSignature done
Event: 6.593 Loading class java/io/ObjectStreamClass$3
Event: 6.593 Loading class java/io/ObjectStreamClass$3 done
Event: 6.593 Loading class java/io/ObjectStreamClass$4
Event: 6.594 Loading class java/io/ObjectStreamClass$4 done
Event: 6.594 Loading class java/io/ObjectStreamClass$5
Event: 6.594 Loading class java/io/ObjectStreamClass$5 done
Event: 6.594 Loading class java/util/function/UnaryOperator
Event: 6.594 Loading class java/util/function/UnaryOperator done
Event: 6.597 Loading class java/net/UrlDeserializedState
Event: 6.597 Loading class java/net/UrlDeserializedState done
Event: 6.597 Loading class jdk/internal/reflect/UnsafeQualifiedStaticObjectFieldAccessorImpl
Event: 6.597 Loading class jdk/internal/reflect/UnsafeQualifiedStaticObjectFieldAccessorImpl done
Event: 6.598 Loading class java/net/Proxy
Event: 6.598 Loading class java/net/Proxy done

Classes unloaded (0 events):
No events

Classes redefined (0 events):
No events

Internal exceptions (20 events):
Event: 0.417 Thread 0x000002a4f027d760 Implicit null exception at 0x000002a487b3d30f to 0x000002a487b3d890
Event: 0.417 Thread 0x000002a4f027d760 Implicit null exception at 0x000002a487b1e90f to 0x000002a487b1ee98
Event: 0.427 Thread 0x000002a4f027d760 Exception <a 'java/lang/NoClassDefFoundError'{0x00000000ff3eb248}: org/slf4j/impl/StaticMarkerBinder> (0x00000000ff3eb248) 
thrown [s\src\hotspot\share\classfile\systemDictionary.cpp, line 245]
Event: 0.434 Thread 0x000002a4f027d760 Exception <a 'java/lang/NoSuchMethodError'{0x00000000ff298f90}: 'java.lang.Object java.lang.invoke.Invokers$Holder.invoker(java.lang.Object, java.lang.Object, java.lang.Object)'> (0x00000000ff298f90) 
thrown [s\src\hotspot\share\interpreter\linkResolver.cpp, line 759]
Event: 0.435 Thread 0x000002a4f027d760 Exception <a 'java/lang/NoSuchMethodError'{0x00000000ff2a20e8}: 'java.lang.Object java.lang.invoke.DirectMethodHandle$Holder.invokeStatic(java.lang.Object, java.lang.Object, int)'> (0x00000000ff2a20e8) 
thrown [s\src\hotspot\share\interpreter\linkResolver.cpp, line 759]
Event: 0.436 Thread 0x000002a4f027d760 Exception <a 'java/lang/NoSuchMethodError'{0x00000000ff2addd8}: 'void java.lang.invoke.DelegatingMethodHandle$Holder.delegate(java.lang.Object, java.lang.Object, int, java.lang.Object)'> (0x00000000ff2addd8) 
thrown [s\src\hotspot\share\interpreter\linkResolver.cpp, line 759]
Event: 0.437 Thread 0x000002a4f027d760 Exception <a 'java/lang/NoSuchMethodError'{0x00000000ff2c1420}: 'java.lang.Object java.lang.invoke.Invokers$Holder.invokeExact_MT(java.lang.Object, java.lang.Object, java.lang.Object, java.lang.Object)'> (0x00000000ff2c1420) 
thrown [s\src\hotspot\share\interpreter\linkResolver.cpp, line 759]
Event: 0.441 Thread 0x000002a4f027d760 Exception <a 'java/lang/NoSuchMethodError'{0x00000000ff2ecdf8}: 'java.lang.Object java.lang.invoke.DirectMethodHandle$Holder.invokeVirtual(java.lang.Object, java.lang.Object, java.lang.Object)'> (0x00000000ff2ecdf8) 
thrown [s\src\hotspot\share\interpreter\linkResolver.cpp, line 759]
Event: 0.495 Thread 0x000002a4f027d760 Exception <a 'java/lang/NoSuchMethodError'{0x00000000fed6daa8}: 'java.lang.Object java.lang.invoke.DirectMethodHandle$Holder.newInvokeSpecial(java.lang.Object, java.lang.Object, java.lang.Object, java.lang.Object, java.lang.Object)'> (0x00000000fed6daa8) 
thrown [s\src\hotspot\share\interpreter\linkResolver.cpp, line 759]
Event: 0.507 Thread 0x000002a4f027d760 Exception <a 'java/lang/NoSuchMethodError'{0x00000000fec91a88}: 'void java.lang.invoke.DirectMethodHandle$Holder.invokeSpecial(java.lang.Object, java.lang.Object, java.lang.Object)'> (0x00000000fec91a88) 
thrown [s\src\hotspot\share\interpreter\linkResolver.cpp, line 759]
Event: 0.556 Thread 0x000002a4f027d760 Exception <a 'java/lang/NoSuchMethodError'{0x00000000fe4555c0}: 'java.lang.Object java.lang.invoke.DirectMethodHandle$Holder.invokeSpecialIFC(java.lang.Object, java.lang.Object, java.lang.Object, java.lang.Object)'> (0x00000000fe4555c0) 
thrown [s\src\hotspot\share\interpreter\linkResolver.cpp, line 759]
Event: 0.584 Thread 0x000002a4f027d760 Exception <a 'java/lang/NoSuchMethodError'{0x00000000fe2f14b8}: 'java.lang.Object java.lang.invoke.DirectMethodHandle$Holder.invokeStaticInit(java.lang.Object, int, int, int, int)'> (0x00000000fe2f14b8) 
thrown [s\src\hotspot\share\interpreter\linkResolver.cpp, line 759]
Event: 0.615 Thread 0x000002a4f027d760 Exception <a 'java/lang/NoSuchMethodError'{0x00000000fff2a5a8}: 'java.lang.Object java.lang.invoke.DirectMethodHandle$Holder.invokeStaticInit(java.lang.Object, java.lang.Object, int, int, int, int)'> (0x00000000fff2a5a8) 
thrown [s\src\hotspot\share\interpreter\linkResolver.cpp, line 759]
Event: 0.644 Thread 0x000002a4f027d760 Exception <a 'java/lang/NoSuchMethodError'{0x00000000fff55bf8}: 'void java.lang.invoke.DirectMethodHandle$Holder.invokeStatic(java.lang.Object, java.lang.Object, java.lang.Object)'> (0x00000000fff55bf8) 
thrown [s\src\hotspot\share\interpreter\linkResolver.cpp, line 759]
Event: 0.655 Thread 0x000002a4f027d760 Implicit null exception at 0x000002a487b198f2 to 0x000002a487b19f0c
Event: 6.593 Thread 0x000002a4f027d760 Exception <a 'java/lang/NoSuchMethodError'{0x00000000ffbf9078}: static Lorg/gradle/tooling/internal/provider/serialization/ClassLoaderDetails;.<clinit>()V> (0x00000000ffbf9078) 
thrown [s\src\hotspot\share\prims\jni.cpp, line 1112]
Event: 6.595 Thread 0x000002a4f027d760 Exception <a 'java/lang/NoSuchMethodError'{0x00000000ffa14c38}: static Lorg/gradle/internal/classloader/ClassLoaderSpec;.<clinit>()V> (0x00000000ffa14c38) 
thrown [s\src\hotspot\share\prims\jni.cpp, line 1112]
Event: 6.595 Thread 0x000002a4f027d760 Exception <a 'java/lang/NoSuchMethodError'{0x00000000ffa1fd70}: static Lorg/gradle/tooling/internal/provider/serialization/WellKnownClassLoaderRegistry$KnownClassLoaderSpec;.<clinit>()V> (0x00000000ffa1fd70) 
thrown [s\src\hotspot\share\prims\jni.cpp, line 1112]
Event: 6.596 Thread 0x000002a4f027d760 Exception <a 'java/lang/NoSuchMethodError'{0x00000000ffa39a30}: static Lorg/gradle/internal/classloader/ClassLoaderSpec;.<clinit>()V> (0x00000000ffa39a30) 
thrown [s\src\hotspot\share\prims\jni.cpp, line 1112]
Event: 6.597 Thread 0x000002a4f027d760 Exception <a 'java/lang/NoSuchMethodError'{0x00000000ffa49710}: static Lorg/gradle/internal/classloader/VisitableURLClassLoader$Spec;.<clinit>()V> (0x00000000ffa49710) 
thrown [s\src\hotspot\share\prims\jni.cpp, line 1112]

VM Operations (20 events):
Event: 0.584 Executing VM operation: HandshakeAllThreads
Event: 0.584 Executing VM operation: HandshakeAllThreads done
Event: 0.602 Executing VM operation: HandshakeAllThreads
Event: 0.602 Executing VM operation: HandshakeAllThreads done
Event: 0.609 Executing VM operation: G1CollectForAllocation
Event: 0.614 Executing VM operation: G1CollectForAllocation done
Event: 0.671 Executing VM operation: HandshakeAllThreads
Event: 0.671 Executing VM operation: HandshakeAllThreads done
Event: 0.700 Executing VM operation: HandshakeAllThreads
Event: 0.700 Executing VM operation: HandshakeAllThreads done
Event: 0.775 Executing VM operation: HandshakeAllThreads
Event: 0.775 Executing VM operation: HandshakeAllThreads done
Event: 1.278 Executing VM operation: HandshakeAllThreads
Event: 1.278 Executing VM operation: HandshakeAllThreads done
Event: 2.288 Executing VM operation: Cleanup
Event: 2.289 Executing VM operation: Cleanup done
Event: 3.300 Executing VM operation: Cleanup
Event: 3.300 Executing VM operation: Cleanup done
Event: 5.314 Executing VM operation: Cleanup
Event: 5.314 Executing VM operation: Cleanup done

Memory protections (0 events):
No events

Nmethod flushes (0 events):
No events

Events (17 events):
Event: 0.017 Thread 0x000002a4f027d760 Thread added: 0x000002a4f027d760
Event: 0.019 Thread 0x000002a4f027d760 Thread added: 0x000002a4fc4c0680
Event: 0.019 Thread 0x000002a4f027d760 Thread added: 0x000002a4f032dc20
Event: 0.026 Thread 0x000002a4f027d760 Thread added: 0x000002a4fc4c68a0
Event: 0.026 Thread 0x000002a4f027d760 Thread added: 0x000002a4fc4c8180
Event: 0.026 Thread 0x000002a4f027d760 Thread added: 0x000002a4fc4c8a50
Event: 0.026 Thread 0x000002a4f027d760 Thread added: 0x000002a4fc4c9410
Event: 0.026 Thread 0x000002a4f027d760 Thread added: 0x000002a4fc4cb1c0
Event: 0.026 Thread 0x000002a4f027d760 Thread added: 0x000002a4fc4cdc80
Event: 0.026 Thread 0x000002a4f027d760 Thread added: 0x000002a4fc4d8aa0
Event: 0.034 Thread 0x000002a4f027d760 Thread added: 0x000002a4fc71ffd0
Event: 0.036 Thread 0x000002a4f027d760 Thread added: 0x000002a4fc736b80
Event: 0.144 Thread 0x000002a4fc4cb1c0 Thread added: 0x000002a4fc8af130
Event: 0.222 Thread 0x000002a4fc8af130 Thread added: 0x000002a4fcae2cc0
Event: 0.471 Thread 0x000002a4f027d760 Thread added: 0x000002a4fdba2b60
Event: 0.853 Thread 0x000002a4fcae2cc0 Thread exited: 0x000002a4fcae2cc0
Event: 0.854 Thread 0x000002a4fc8af130 Thread exited: 0x000002a4fc8af130


Dynamic libraries:
0x00007ff74c1a0000 - 0x00007ff74c1ae000 	C:\Program Files\OpenLogic\jdk-17.0.14.7-hotspot\bin\java.exe
0x00007ff9c8fb0000 - 0x00007ff9c91a8000 	C:\Windows\SYSTEM32\ntdll.dll
0x00007ff9c86e0000 - 0x00007ff9c87a2000 	C:\Windows\System32\KERNEL32.DLL
0x00007ff9c66e0000 - 0x00007ff9c69d6000 	C:\Windows\System32\KERNELBASE.dll
0x00007ff9c6ca0000 - 0x00007ff9c6da0000 	C:\Windows\System32\ucrtbase.dll
0x00007ff99e8f0000 - 0x00007ff99e90b000 	C:\Program Files\OpenLogic\jdk-17.0.14.7-hotspot\bin\VCRUNTIME140.dll
0x00007ff999af0000 - 0x00007ff999b07000 	C:\Program Files\OpenLogic\jdk-17.0.14.7-hotspot\bin\jli.dll
0x00007ff9c6fd0000 - 0x00007ff9c716d000 	C:\Windows\System32\USER32.dll
0x00007ff9c6bf0000 - 0x00007ff9c6c12000 	C:\Windows\System32\win32u.dll
0x00007ff9b3dd0000 - 0x00007ff9b406a000 	C:\Windows\WinSxS\amd64_microsoft.windows.common-controls_6595b64144ccf1df_6.0.19041.4355_none_60b8b9eb71f62e16\COMCTL32.dll
0x00007ff9c8e90000 - 0x00007ff9c8ebb000 	C:\Windows\System32\GDI32.dll
0x00007ff9c8490000 - 0x00007ff9c852e000 	C:\Windows\System32\msvcrt.dll
0x00007ff9c6e30000 - 0x00007ff9c6f4a000 	C:\Windows\System32\gdi32full.dll
0x00007ff9c6640000 - 0x00007ff9c66dd000 	C:\Windows\System32\msvcp_win.dll
0x00007ff9c8cb0000 - 0x00007ff9c8cdf000 	C:\Windows\System32\IMM32.DLL
0x00007ff99a370000 - 0x00007ff99a37c000 	C:\Program Files\OpenLogic\jdk-17.0.14.7-hotspot\bin\vcruntime140_1.dll
0x00007ff95ccd0000 - 0x00007ff95cd5d000 	C:\Program Files\OpenLogic\jdk-17.0.14.7-hotspot\bin\msvcp140.dll
0x00007ff9562d0000 - 0x00007ff956f3c000 	C:\Program Files\OpenLogic\jdk-17.0.14.7-hotspot\bin\server\jvm.dll
0x00007ff9c8530000 - 0x00007ff9c85df000 	C:\Windows\System32\ADVAPI32.dll
0x00007ff9c8330000 - 0x00007ff9c83cf000 	C:\Windows\System32\sechost.dll
0x00007ff9c87c0000 - 0x00007ff9c88e3000 	C:\Windows\System32\RPCRT4.dll
0x00007ff9c6fa0000 - 0x00007ff9c6fc7000 	C:\Windows\System32\bcrypt.dll
0x00007ff9c8670000 - 0x00007ff9c86db000 	C:\Windows\System32\WS2_32.dll
0x00007ff9c64a0000 - 0x00007ff9c64eb000 	C:\Windows\SYSTEM32\POWRPROF.dll
0x00007ff9c1da0000 - 0x00007ff9c1daa000 	C:\Windows\SYSTEM32\VERSION.dll
0x00007ff9b4b00000 - 0x00007ff9b4b27000 	C:\Windows\SYSTEM32\WINMM.dll
0x00007ff9c6480000 - 0x00007ff9c6492000 	C:\Windows\SYSTEM32\UMPDC.dll
0x00007ff9c44e0000 - 0x00007ff9c44f2000 	C:\Windows\SYSTEM32\kernel.appcore.dll
0x00007ff999ae0000 - 0x00007ff999aea000 	C:\Program Files\OpenLogic\jdk-17.0.14.7-hotspot\bin\jimage.dll
0x00007ff9b4860000 - 0x00007ff9b4a44000 	C:\Windows\SYSTEM32\DBGHELP.DLL
0x00007ff9a8590000 - 0x00007ff9a85c4000 	C:\Windows\SYSTEM32\dbgcore.DLL
0x00007ff9c6da0000 - 0x00007ff9c6e22000 	C:\Windows\System32\bcryptPrimitives.dll
0x00007ff961e90000 - 0x00007ff961eb5000 	C:\Program Files\OpenLogic\jdk-17.0.14.7-hotspot\bin\java.dll
0x00007ff95cbf0000 - 0x00007ff95ccc6000 	C:\Program Files\OpenLogic\jdk-17.0.14.7-hotspot\bin\jsvml.dll
0x00007ff9c7850000 - 0x00007ff9c7fbf000 	C:\Windows\System32\SHELL32.dll
0x00007ff9c46e0000 - 0x00007ff9c4e83000 	C:\Windows\SYSTEM32\windows.storage.dll
0x00007ff9c7fd0000 - 0x00007ff9c8325000 	C:\Windows\System32\combase.dll
0x00007ff9c5fa0000 - 0x00007ff9c5fcb000 	C:\Windows\SYSTEM32\Wldp.dll
0x00007ff9c88f0000 - 0x00007ff9c89bd000 	C:\Windows\System32\OLEAUT32.dll
0x00007ff9c75f0000 - 0x00007ff9c769d000 	C:\Windows\System32\SHCORE.dll
0x00007ff9c8ae0000 - 0x00007ff9c8b35000 	C:\Windows\System32\shlwapi.dll
0x00007ff9c6570000 - 0x00007ff9c6595000 	C:\Windows\SYSTEM32\profapi.dll
0x00007ff95cb30000 - 0x00007ff95cb49000 	C:\Program Files\OpenLogic\jdk-17.0.14.7-hotspot\bin\net.dll
0x00007ff9c00b0000 - 0x00007ff9c01ba000 	C:\Windows\SYSTEM32\WINHTTP.dll
0x00007ff9c5d00000 - 0x00007ff9c5d6c000 	C:\Windows\system32\mswsock.dll
0x00007ff95cb10000 - 0x00007ff95cb26000 	C:\Program Files\OpenLogic\jdk-17.0.14.7-hotspot\bin\nio.dll
0x00007ff95caf0000 - 0x00007ff95cb08000 	C:\Program Files\OpenLogic\jdk-17.0.14.7-hotspot\bin\zip.dll
0x00007ff999400000 - 0x00007ff999410000 	C:\Program Files\OpenLogic\jdk-17.0.14.7-hotspot\bin\verify.dll
0x00007ff961e80000 - 0x00007ff961e89000 	C:\Program Files\OpenLogic\jdk-17.0.14.7-hotspot\bin\management.dll
0x00007ff95e110000 - 0x00007ff95e11b000 	C:\Program Files\OpenLogic\jdk-17.0.14.7-hotspot\bin\management_ext.dll
0x00007ff9c87b0000 - 0x00007ff9c87b8000 	C:\Windows\System32\PSAPI.DLL
0x00007ff95cac0000 - 0x00007ff95cae7000 	C:\Users\MadBrains\.gradle\native\1def1411415f61bf3af743bc5b6707747c0891f09f0c88961ee8f79bc544acac\windows-amd64\native-platform.dll
0x00007ff9c3890000 - 0x00007ff9c389a000 	C:\Users\MadBrains\.gradle\native\jansi\1.18\windows64\jansi.dll
0x00007ff9c5ef0000 - 0x00007ff9c5f08000 	C:\Windows\SYSTEM32\CRYPTSP.dll
0x00007ff9c5620000 - 0x00007ff9c5658000 	C:\Windows\system32\rsaenh.dll
0x00007ff9c6530000 - 0x00007ff9c655e000 	C:\Windows\SYSTEM32\USERENV.dll
0x00007ff9c5f10000 - 0x00007ff9c5f1c000 	C:\Windows\SYSTEM32\CRYPTBASE.dll
0x00007ff9c59e0000 - 0x00007ff9c5a1b000 	C:\Windows\SYSTEM32\IPHLPAPI.DLL
0x00007ff9c7fc0000 - 0x00007ff9c7fc8000 	C:\Windows\System32\NSI.dll
0x00007ff9c10d0000 - 0x00007ff9c10e7000 	C:\Windows\SYSTEM32\dhcpcsvc6.DLL
0x00007ff9c0f20000 - 0x00007ff9c0f3d000 	C:\Windows\SYSTEM32\dhcpcsvc.DLL
0x00007ff9c5a20000 - 0x00007ff9c5aea000 	C:\Windows\SYSTEM32\DNSAPI.dll
0x00007ff95caa0000 - 0x00007ff95caa8000 	C:\Program Files\OpenLogic\jdk-17.0.14.7-hotspot\bin\extnet.dll
0x00007ff95ca40000 - 0x00007ff95ca4e000 	C:\Program Files\OpenLogic\jdk-17.0.14.7-hotspot\bin\sunmscapi.dll
0x00007ff9c6a90000 - 0x00007ff9c6bed000 	C:\Windows\System32\CRYPT32.dll
0x00007ff9c6010000 - 0x00007ff9c6037000 	C:\Windows\SYSTEM32\ncrypt.dll
0x00007ff9c5fd0000 - 0x00007ff9c600b000 	C:\Windows\SYSTEM32\NTASN1.dll
0x00007ff9bf510000 - 0x00007ff9bf517000 	C:\Windows\system32\wshunix.dll

dbghelp: loaded successfully - version: 4.0.5 - missing functions: none
symbol engine: initialized successfully - sym options: 0x614 - pdb path: .;C:\Program Files\OpenLogic\jdk-17.0.14.7-hotspot\bin;C:\Windows\SYSTEM32;C:\Windows\WinSxS\amd64_microsoft.windows.common-controls_6595b64144ccf1df_6.0.19041.4355_none_60b8b9eb71f62e16;C:\Program Files\OpenLogic\jdk-17.0.14.7-hotspot\bin\server;C:\Users\MadBrains\.gradle\native\1def1411415f61bf3af743bc5b6707747c0891f09f0c88961ee8f79bc544acac\windows-amd64;C:\Users\MadBrains\.gradle\native\jansi\1.18\windows64

VM Arguments:
jvm_args: -Xmx64m -Xms64m -Dorg.gradle.appname=gradlew 
java_command: org.gradle.wrapper.GradleWrapperMain assembleRelease
java_class_path (initial): D:\front-end\android\\gradle\wrapper\gradle-wrapper.jar
Launcher Type: SUN_STANDARD

[Global flags]
     intx CICompilerCount                          = 4                                         {product} {ergonomic}
     uint ConcGCThreads                            = 3                                         {product} {ergonomic}
     uint G1ConcRefinementThreads                  = 10                                        {product} {ergonomic}
   size_t G1HeapRegionSize                         = 1048576                                   {product} {ergonomic}
    uintx GCDrainStackTargetSize                   = 64                                        {product} {ergonomic}
   size_t InitialHeapSize                          = 67108864                                  {product} {command line}
   size_t MarkStackSize                            = 4194304                                   {product} {ergonomic}
   size_t MaxHeapSize                              = 67108864                                  {product} {command line}
   size_t MaxNewSize                               = 39845888                                  {product} {ergonomic}
   size_t MinHeapDeltaBytes                        = 1048576                                   {product} {ergonomic}
   size_t MinHeapSize                              = 67108864                                  {product} {command line}
    uintx NonNMethodCodeHeapSize                   = 5839372                                {pd product} {ergonomic}
    uintx NonProfiledCodeHeapSize                  = 122909434                              {pd product} {ergonomic}
    uintx ProfiledCodeHeapSize                     = 122909434                              {pd product} {ergonomic}
    uintx ReservedCodeCacheSize                    = 251658240                              {pd product} {ergonomic}
     bool SegmentedCodeCache                       = true                                      {product} {ergonomic}
   size_t SoftMaxHeapSize                          = 67108864                               {manageable} {ergonomic}
     bool UseCompressedClassPointers               = true                           {product lp64_product} {ergonomic}
     bool UseCompressedOops                        = true                           {product lp64_product} {ergonomic}
     bool UseG1GC                                  = true                                      {product} {ergonomic}
     bool UseLargePagesIndividualAllocation        = false                                  {pd product} {ergonomic}

Logging:
Log output configuration:
 #0: stdout all=warning uptime,level,tags
 #1: stderr all=off uptime,level,tags

Environment Variables:
JAVA_HOME=C:\Program Files\OpenLogic\jdk-17.0.14.7-hotspot\
CLASSPATH=D:\front-end\android\\gradle\wrapper\gradle-wrapper.jar
PATH=C:\Python313\Scripts\;C:\Python313\;C:\Program Files\OpenLogic\jdk-17.0.14.7-hotspot\bin;C:\Windows\system32;C:\Windows;C:\Windows\System32\Wbem;C:\Windows\System32\WindowsPowerShell\v1.0\;C:\Windows\System32\OpenSSH\;C:\Program Files\Git\cmd;C:\Program Files\nodejs\;C:\ProgramData\chocolatey\bin;C:\Users\MadBrains\AppData\Local\Android\Sdk\platform-tools;C:\Users\MadBrains\AppData\Local\Android\Sdk\cmdline-tools\latest\bin;C:\Users\MadBrains\AppData\Local\Android\Sdk\build-tools\35.0.1;C:\Users\MadBrains\AppData\Local\Microsoft\WindowsApps;C:\Users\MadBrains\AppData\Local\Programs\Microsoft VS Code\bin;C:\Users\MadBrains\AppData\Roaming\npm;C:\Program Files (x86)\Nmap
USERNAME=MadBrains
LANG=en_US.UTF-8
OS=Windows_NT
PROCESSOR_IDENTIFIER=Intel64 Family 6 Model 165 Stepping 3, GenuineIntel
TMP=C:\Users\MADBRA~1\AppData\Local\Temp
TEMP=C:\Users\MADBRA~1\AppData\Local\Temp



Periodic native trim disabled


---------------  S Y S T E M  ---------------

OS:
 Windows 10 , 64 bit Build 19041 (10.0.19041.5678)
OS uptime: 0 days 2:44 hours

CPU: total 12 (initial active 12) (6 cores per cpu, 2 threads per core) family 6 model 165 stepping 3 microcode 0xe0, cx8, cmov, fxsr, ht, mmx, 3dnowpref, sse, sse2, sse3, ssse3, sse4.1, sse4.2, popcnt, lzcnt, tsc, tscinvbit, avx, avx2, aes, erms, clmul, bmi1, bmi2, adx, fma, vzeroupper, clflush, clflushopt
Processor Information for all 12 processors :
  Max Mhz: 3096, Current Mhz: 3096, Mhz Limit: 3096

Memory: 4k page, system-wide physical 16175M (1416M free)
TotalPageFile size 41623M (AvailPageFile size 4M)
current process WorkingSet (physical memory assigned to process): 104M, peak: 112M
current process commit charge ("private bytes"): 174M, peak: 181M

vm_info: OpenJDK 64-Bit Server VM (17.0.14+7-adhoc..jdk17u) for windows-amd64 JRE (17.0.14+7-adhoc..jdk17u), built on Jan 22 2025 11:06:43 by "" with MS VC++ 16.10 / 16.11 (VS2019)

END.
